[2025-09-12T16:23:09.762Z] DropdownSection: items [
  {
    index: 0,
    props: {
      value: "us",
      title: "United States",
      icon: "🇺🇸",
      section: "Americas",
    },
  }, {
    index: 1,
    props: {
      value: "ca",
      title: "Canada",
      icon: "🇨🇦",
      section: "Americas",
    },
  }, {
    index: 2,
    props: {
      value: "mx",
      title: "Mexico",
      icon: "🇲🇽",
      section: "Americas",
    },
  }
]
[2025-09-12T16:23:09.764Z] DropdownSection: items [
  {
    index: 0,
    props: {
      value: "us",
      title: "United States",
      icon: "🇺🇸",
      section: "Americas",
    },
  }, {
    index: 1,
    props: {
      value: "ca",
      title: "Canada",
      icon: "🇨🇦",
      section: "Americas",
    },
  }, {
    index: 2,
    props: {
      value: "mx",
      title: "Mexico",
      icon: "🇲🇽",
      section: "Americas",
    },
  }, {
    index: 3,
    props: {
      value: "gb",
      title: "United Kingdom",
      icon: "🇬🇧",
      section: "Europe",
    },
  }, {
    index: 4,
    props: {
      value: "fr",
      title: "France",
      icon: "🇫🇷",
      section: "Europe",
    },
  }, {
    index: 5,
    props: {
      value: "de",
      title: "Germany",
      icon: "🇩🇪",
      section: "Europe",
    },
  }
]
[2025-09-12T16:23:09.765Z] focusing  username
[2025-09-12T16:23:09.805Z] DropdownSection: items [
  {
    index: 0,
    props: {
      value: "us",
      title: "United States",
      icon: "🇺🇸",
      section: "Americas",
    },
  }, {
    index: 1,
    props: {
      value: "ca",
      title: "Canada",
      icon: "🇨🇦",
      section: "Americas",
    },
  }, {
    index: 2,
    props: {
      value: "mx",
      title: "Mexico",
      icon: "🇲🇽",
      section: "Americas",
    },
  }
]
[2025-09-12T16:23:09.805Z] DropdownSection: items [
  {
    index: 0,
    props: {
      value: "us",
      title: "United States",
      icon: "🇺🇸",
      section: "Americas",
    },
  }, {
    index: 1,
    props: {
      value: "ca",
      title: "Canada",
      icon: "🇨🇦",
      section: "Americas",
    },
  }, {
    index: 2,
    props: {
      value: "mx",
      title: "Mexico",
      icon: "🇲🇽",
      section: "Americas",
    },
  }, {
    index: 3,
    props: {
      value: "gb",
      title: "United Kingdom",
      icon: "🇬🇧",
      section: "Europe",
    },
  }, {
    index: 4,
    props: {
      value: "fr",
      title: "France",
      icon: "🇫🇷",
      section: "Europe",
    },
  }, {
    index: 5,
    props: {
      value: "de",
      title: "Germany",
      icon: "🇩🇪",
      section: "Europe",
    },
  }
]
[2025-09-12T16:23:09.806Z] focusing  username
